"2022-11-10 13:06:46,851 INFO  [restartedMain] com.winners.libraryproject.LibraryProjectApplication:Starting LibraryProjectApplication using Java 11.0.16 on DESKTOP-TFKC0CP with PID 9060 (C:\Users\basri\IdeaProjects\LIBRARY_PROJECT_WINNERS\target\classes started by basri in C:\Users\basri\IdeaProjects\LIBRARY_PROJECT_WINNERS)
""2022-11-10 13:06:46,861 INFO  [restartedMain] com.winners.libraryproject.LibraryProjectApplication:No active profile set, falling back to 1 default profile: "default"
""2022-11-10 13:06:46,978 INFO  [restartedMain] org.springframework.boot.devtools.env.DevToolsPropertyDefaultsPostProcessor:Devtools property defaults active! Set 'spring.devtools.add-properties' to 'false' to disable
""2022-11-10 13:06:46,980 INFO  [restartedMain] org.springframework.boot.devtools.env.DevToolsPropertyDefaultsPostProcessor:For additional web related logging consider setting the 'logging.level.web' property to 'DEBUG'
""2022-11-10 13:06:48,802 INFO  [restartedMain] org.springframework.data.repository.config.RepositoryConfigurationDelegate:Bootstrapping Spring Data JPA repositories in DEFAULT mode.
""2022-11-10 13:06:48,947 INFO  [restartedMain] org.springframework.data.repository.config.RepositoryConfigurationDelegate:Finished Spring Data repository scanning in 130 ms. Found 7 JPA repository interfaces.
""2022-11-10 13:06:49,954 INFO  [restartedMain] org.springframework.boot.web.embedded.tomcat.TomcatWebServer:Tomcat initialized with port(s): 8081 (http)
""2022-11-10 13:06:49,968 INFO  [restartedMain] org.apache.catalina.core.StandardService:Starting service [Tomcat]
""2022-11-10 13:06:49,969 INFO  [restartedMain] org.apache.catalina.core.StandardEngine:Starting Servlet engine: [Apache Tomcat/9.0.65]
""2022-11-10 13:06:50,121 INFO  [restartedMain] org.apache.catalina.core.ContainerBase.[Tomcat].[localhost].[/]:Initializing Spring embedded WebApplicationContext
""2022-11-10 13:06:50,121 INFO  [restartedMain] org.springframework.boot.web.servlet.context.ServletWebServerApplicationContext:Root WebApplicationContext: initialization completed in 3139 ms
""2022-11-10 13:06:50,359 INFO  [restartedMain] org.hibernate.jpa.internal.util.LogHelper:HHH000204: Processing PersistenceUnitInfo [name: default]
""2022-11-10 13:06:50,440 INFO  [restartedMain] org.hibernate.Version:HHH000412: Hibernate ORM core version 5.6.11.Final
""2022-11-10 13:06:50,675 INFO  [restartedMain] org.hibernate.annotations.common.Version:HCANN000001: Hibernate Commons Annotations {5.1.2.Final}
""2022-11-10 13:06:50,844 INFO  [restartedMain] com.zaxxer.hikari.HikariDataSource:HikariPool-1 - Starting...
""2022-11-10 13:06:51,138 INFO  [restartedMain] com.zaxxer.hikari.HikariDataSource:HikariPool-1 - Start completed.
""2022-11-10 13:06:51,161 INFO  [restartedMain] org.hibernate.dialect.Dialect:HHH000400: Using dialect: org.hibernate.dialect.PostgreSQLDialect
""2022-11-10 13:06:52,709 INFO  [restartedMain] org.hibernate.engine.transaction.jta.platform.internal.JtaPlatformInitiator:HHH000490: Using JtaPlatform implementation: [org.hibernate.engine.transaction.jta.platform.internal.NoJtaPlatform]
""2022-11-10 13:06:52,735 INFO  [restartedMain] org.springframework.orm.jpa.LocalContainerEntityManagerFactoryBean:Initialized JPA EntityManagerFactory for persistence unit 'default'
""2022-11-10 13:06:53,691 WARN  [restartedMain] org.springframework.boot.autoconfigure.orm.jpa.JpaBaseConfiguration$JpaWebConfiguration:spring.jpa.open-in-view is enabled by default. Therefore, database queries may be performed during view rendering. Explicitly configure spring.jpa.open-in-view to disable this warning
""2022-11-10 13:06:54,226 INFO  [restartedMain] org.springframework.security.web.DefaultSecurityFilterChain:Will secure any request with [org.springframework.security.web.context.request.async.WebAsyncManagerIntegrationFilter@48c08cac, org.springframework.security.web.context.SecurityContextPersistenceFilter@3a4f90a6, org.springframework.security.web.header.HeaderWriterFilter@5dd31cb0, org.springframework.security.web.authentication.logout.LogoutFilter@48df1eee, com.winners.libraryproject.security.jwt.AuthTokenFilter@17c99d40, org.springframework.security.web.savedrequest.RequestCacheAwareFilter@7b925f66, org.springframework.security.web.servletapi.SecurityContextHolderAwareRequestFilter@34ec5bb2, org.springframework.security.web.authentication.AnonymousAuthenticationFilter@368b25d9, org.springframework.security.web.session.SessionManagementFilter@555fc06d, org.springframework.security.web.access.ExceptionTranslationFilter@54c066e, org.springframework.security.web.access.intercept.FilterSecurityInterceptor@587f3b24]
""2022-11-10 13:06:55,828 INFO  [restartedMain] org.springframework.boot.devtools.autoconfigure.OptionalLiveReloadServer:LiveReload server is running on port 35729
""2022-11-10 13:06:55,905 INFO  [restartedMain] org.springframework.boot.web.embedded.tomcat.TomcatWebServer:Tomcat started on port(s): 8081 (http) with context path ''
""2022-11-10 13:06:55,932 INFO  [restartedMain] com.winners.libraryproject.LibraryProjectApplication:Started LibraryProjectApplication in 9.882 seconds (JVM running for 12.666)
""2022-11-10 13:07:47,531 INFO  [http-nio-8081-exec-1] org.apache.catalina.core.ContainerBase.[Tomcat].[localhost].[/]:Initializing Spring DispatcherServlet 'dispatcherServlet'
""2022-11-10 13:07:47,532 INFO  [http-nio-8081-exec-1] org.springframework.web.servlet.DispatcherServlet:Initializing Servlet 'dispatcherServlet'
""2022-11-10 13:07:47,546 INFO  [http-nio-8081-exec-1] org.springframework.web.servlet.DispatcherServlet:Completed initialization in 13 ms
""2022-11-10 13:07:47,747 ERROR [http-nio-8081-exec-1] com.winners.libraryproject.security.jwt.JwtUtils:JWT Token is expired JWT expired at 2022-11-08T22:33:56Z. Current time: 2022-11-10T13:07:47Z, a difference of 138831744 milliseconds.  Allowed clock skew: 0 milliseconds.
""2022-11-10 13:08:42,612 ERROR [http-nio-8081-exec-4] com.winners.libraryproject.security.jwt.AuthTokenFilter:User Authentication error
""2022-11-10 13:12:28,481 INFO  [SpringApplicationShutdownHook] org.springframework.orm.jpa.LocalContainerEntityManagerFactoryBean:Closing JPA EntityManagerFactory for persistence unit 'default'
""2022-11-10 13:12:28,497 INFO  [SpringApplicationShutdownHook] com.zaxxer.hikari.HikariDataSource:HikariPool-1 - Shutdown initiated...
""2022-11-10 13:12:28,513 INFO  [SpringApplicationShutdownHook] com.zaxxer.hikari.HikariDataSource:HikariPool-1 - Shutdown completed.
""2022-11-10 13:12:36,711 INFO  [restartedMain] com.winners.libraryproject.LibraryProjectApplication:Starting LibraryProjectApplication using Java 11.0.16 on DESKTOP-TFKC0CP with PID 13760 (C:\Users\basri\IdeaProjects\LIBRARY_PROJECT_WINNERS\target\classes started by basri in C:\Users\basri\IdeaProjects\LIBRARY_PROJECT_WINNERS)
""2022-11-10 13:12:36,714 INFO  [restartedMain] com.winners.libraryproject.LibraryProjectApplication:No active profile set, falling back to 1 default profile: "default"
""2022-11-10 13:12:36,828 INFO  [restartedMain] org.springframework.boot.devtools.env.DevToolsPropertyDefaultsPostProcessor:Devtools property defaults active! Set 'spring.devtools.add-properties' to 'false' to disable
""2022-11-10 13:12:36,829 INFO  [restartedMain] org.springframework.boot.devtools.env.DevToolsPropertyDefaultsPostProcessor:For additional web related logging consider setting the 'logging.level.web' property to 'DEBUG'
""2022-11-10 13:12:38,666 INFO  [restartedMain] org.springframework.data.repository.config.RepositoryConfigurationDelegate:Bootstrapping Spring Data JPA repositories in DEFAULT mode.
""2022-11-10 13:12:38,860 INFO  [restartedMain] org.springframework.data.repository.config.RepositoryConfigurationDelegate:Finished Spring Data repository scanning in 173 ms. Found 7 JPA repository interfaces.
""2022-11-10 13:12:40,068 INFO  [restartedMain] org.springframework.boot.web.embedded.tomcat.TomcatWebServer:Tomcat initialized with port(s): 8081 (http)
""2022-11-10 13:12:40,081 INFO  [restartedMain] org.apache.catalina.core.StandardService:Starting service [Tomcat]
""2022-11-10 13:12:40,082 INFO  [restartedMain] org.apache.catalina.core.StandardEngine:Starting Servlet engine: [Apache Tomcat/9.0.65]
""2022-11-10 13:12:40,417 INFO  [restartedMain] org.apache.catalina.core.ContainerBase.[Tomcat].[localhost].[/]:Initializing Spring embedded WebApplicationContext
""2022-11-10 13:12:40,418 INFO  [restartedMain] org.springframework.boot.web.servlet.context.ServletWebServerApplicationContext:Root WebApplicationContext: initialization completed in 3587 ms
""2022-11-10 13:12:40,663 INFO  [restartedMain] org.hibernate.jpa.internal.util.LogHelper:HHH000204: Processing PersistenceUnitInfo [name: default]
""2022-11-10 13:12:40,748 INFO  [restartedMain] org.hibernate.Version:HHH000412: Hibernate ORM core version 5.6.11.Final
""2022-11-10 13:12:40,987 INFO  [restartedMain] org.hibernate.annotations.common.Version:HCANN000001: Hibernate Commons Annotations {5.1.2.Final}
""2022-11-10 13:12:41,154 INFO  [restartedMain] com.zaxxer.hikari.HikariDataSource:HikariPool-1 - Starting...
""2022-11-10 13:12:41,422 INFO  [restartedMain] com.zaxxer.hikari.HikariDataSource:HikariPool-1 - Start completed.
""2022-11-10 13:12:41,447 INFO  [restartedMain] org.hibernate.dialect.Dialect:HHH000400: Using dialect: org.hibernate.dialect.PostgreSQLDialect
""2022-11-10 13:12:43,207 INFO  [restartedMain] org.hibernate.engine.transaction.jta.platform.internal.JtaPlatformInitiator:HHH000490: Using JtaPlatform implementation: [org.hibernate.engine.transaction.jta.platform.internal.NoJtaPlatform]
""2022-11-10 13:12:43,217 INFO  [restartedMain] org.springframework.orm.jpa.LocalContainerEntityManagerFactoryBean:Initialized JPA EntityManagerFactory for persistence unit 'default'
""2022-11-10 13:12:44,136 WARN  [restartedMain] org.springframework.boot.autoconfigure.orm.jpa.JpaBaseConfiguration$JpaWebConfiguration:spring.jpa.open-in-view is enabled by default. Therefore, database queries may be performed during view rendering. Explicitly configure spring.jpa.open-in-view to disable this warning
""2022-11-10 13:12:44,183 ERROR [restartedMain] org.springframework.boot.web.embedded.tomcat.TomcatStarter:Error starting Tomcat context. Exception: org.springframework.beans.factory.UnsatisfiedDependencyException. Message: Error creating bean with name 'authenticationJwtTokenFilter': Unsatisfied dependency expressed through field 'jwtUtils'; nested exception is org.springframework.beans.factory.BeanCreationException: Error creating bean with name 'jwtUtils': Injection of autowired dependencies failed; nested exception is java.lang.IllegalArgumentException: Could not resolve placeholder 'RL.app.jwtSecret' in value "${RL.app.jwtSecret}"
""2022-11-10 13:12:44,212 INFO  [restartedMain] org.apache.catalina.core.StandardService:Stopping service [Tomcat]
""2022-11-10 13:12:44,217 WARN  [restartedMain] org.apache.catalina.loader.WebappClassLoaderBase:The web application [ROOT] appears to have started a thread named [HikariPool-1 housekeeper] but has failed to stop it. This is very likely to create a memory leak. Stack trace of thread:
 java.base@11.0.16/jdk.internal.misc.Unsafe.park(Native Method)
 java.base@11.0.16/java.util.concurrent.locks.LockSupport.parkNanos(LockSupport.java:234)
 java.base@11.0.16/java.util.concurrent.locks.AbstractQueuedSynchronizer$ConditionObject.awaitNanos(AbstractQueuedSynchronizer.java:2123)
 java.base@11.0.16/java.util.concurrent.ScheduledThreadPoolExecutor$DelayedWorkQueue.take(ScheduledThreadPoolExecutor.java:1182)
 java.base@11.0.16/java.util.concurrent.ScheduledThreadPoolExecutor$DelayedWorkQueue.take(ScheduledThreadPoolExecutor.java:899)
 java.base@11.0.16/java.util.concurrent.ThreadPoolExecutor.getTask(ThreadPoolExecutor.java:1054)
 java.base@11.0.16/java.util.concurrent.ThreadPoolExecutor.runWorker(ThreadPoolExecutor.java:1114)
 java.base@11.0.16/java.util.concurrent.ThreadPoolExecutor$Worker.run(ThreadPoolExecutor.java:628)
 java.base@11.0.16/java.lang.Thread.run(Thread.java:834)
""2022-11-10 13:12:44,218 WARN  [restartedMain] org.apache.catalina.loader.WebappClassLoaderBase:The web application [ROOT] appears to have started a thread named [HikariPool-1 connection adder] but has failed to stop it. This is very likely to create a memory leak. Stack trace of thread:
 java.base@11.0.16/jdk.internal.misc.Unsafe.park(Native Method)
 java.base@11.0.16/java.util.concurrent.locks.LockSupport.parkNanos(LockSupport.java:234)
 java.base@11.0.16/java.util.concurrent.locks.AbstractQueuedSynchronizer$ConditionObject.awaitNanos(AbstractQueuedSynchronizer.java:2123)
 java.base@11.0.16/java.util.concurrent.LinkedBlockingQueue.poll(LinkedBlockingQueue.java:458)
 java.base@11.0.16/java.util.concurrent.ThreadPoolExecutor.getTask(ThreadPoolExecutor.java:1053)
 java.base@11.0.16/java.util.concurrent.ThreadPoolExecutor.runWorker(ThreadPoolExecutor.java:1114)
 java.base@11.0.16/java.util.concurrent.ThreadPoolExecutor$Worker.run(ThreadPoolExecutor.java:628)
 java.base@11.0.16/java.lang.Thread.run(Thread.java:834)
""2022-11-10 13:12:44,222 WARN  [restartedMain] org.springframework.boot.web.servlet.context.AnnotationConfigServletWebServerApplicationContext:Exception encountered during context initialization - cancelling refresh attempt: org.springframework.context.ApplicationContextException: Unable to start web server; nested exception is org.springframework.boot.web.server.WebServerException: Unable to start embedded Tomcat
""2022-11-10 13:12:44,223 INFO  [restartedMain] org.springframework.orm.jpa.LocalContainerEntityManagerFactoryBean:Closing JPA EntityManagerFactory for persistence unit 'default'
""2022-11-10 13:12:44,226 INFO  [restartedMain] com.zaxxer.hikari.HikariDataSource:HikariPool-1 - Shutdown initiated...
""2022-11-10 13:12:44,237 INFO  [restartedMain] com.zaxxer.hikari.HikariDataSource:HikariPool-1 - Shutdown completed.
""2022-11-10 13:12:44,256 INFO  [restartedMain] org.springframework.boot.autoconfigure.logging.ConditionEvaluationReportLoggingListener:

Error starting ApplicationContext. To display the conditions report re-run your application with 'debug' enabled.
""2022-11-10 13:12:44,302 ERROR [restartedMain] org.springframework.boot.SpringApplication:Application run failed
"org.springframework.context.ApplicationContextException: Unable to start web server; nested exception is org.springframework.boot.web.server.WebServerException: Unable to start embedded Tomcat
	at org.springframework.boot.web.servlet.context.ServletWebServerApplicationContext.onRefresh(ServletWebServerApplicationContext.java:163)
	at org.springframework.context.support.AbstractApplicationContext.refresh(AbstractApplicationContext.java:577)
	at org.springframework.boot.web.servlet.context.ServletWebServerApplicationContext.refresh(ServletWebServerApplicationContext.java:145)
	at org.springframework.boot.SpringApplication.refresh(SpringApplication.java:745)
	at org.springframework.boot.SpringApplication.refreshContext(SpringApplication.java:420)
	at org.springframework.boot.SpringApplication.run(SpringApplication.java:307)
	at org.springframework.boot.SpringApplication.run(SpringApplication.java:1317)
	at org.springframework.boot.SpringApplication.run(SpringApplication.java:1306)
	at com.winners.libraryproject.LibraryProjectApplication.main(LibraryProjectApplication.java:10)
	at java.base/jdk.internal.reflect.NativeMethodAccessorImpl.invoke0(Native Method)
	at java.base/jdk.internal.reflect.NativeMethodAccessorImpl.invoke(NativeMethodAccessorImpl.java:62)
	at java.base/jdk.internal.reflect.DelegatingMethodAccessorImpl.invoke(DelegatingMethodAccessorImpl.java:43)
	at java.base/java.lang.reflect.Method.invoke(Method.java:566)
	at org.springframework.boot.devtools.restart.RestartLauncher.run(RestartLauncher.java:49)
Caused by: org.springframework.boot.web.server.WebServerException: Unable to start embedded Tomcat
	at org.springframework.boot.web.embedded.tomcat.TomcatWebServer.initialize(TomcatWebServer.java:142)
	at org.springframework.boot.web.embedded.tomcat.TomcatWebServer.<init>(TomcatWebServer.java:104)
	at org.springframework.boot.web.embedded.tomcat.TomcatServletWebServerFactory.getTomcatWebServer(TomcatServletWebServerFactory.java:479)
	at org.springframework.boot.web.embedded.tomcat.TomcatServletWebServerFactory.getWebServer(TomcatServletWebServerFactory.java:211)
	at org.springframework.boot.web.servlet.context.ServletWebServerApplicationContext.createWebServer(ServletWebServerApplicationContext.java:182)
	at org.springframework.boot.web.servlet.context.ServletWebServerApplicationContext.onRefresh(ServletWebServerApplicationContext.java:160)
	... 13 common frames omitted
Caused by: org.springframework.beans.factory.UnsatisfiedDependencyException: Error creating bean with name 'authenticationJwtTokenFilter': Unsatisfied dependency expressed through field 'jwtUtils'; nested exception is org.springframework.beans.factory.BeanCreationException: Error creating bean with name 'jwtUtils': Injection of autowired dependencies failed; nested exception is java.lang.IllegalArgumentException: Could not resolve placeholder 'RL.app.jwtSecret' in value "${RL.app.jwtSecret}"
	at org.springframework.beans.factory.annotation.AutowiredAnnotationBeanPostProcessor$AutowiredFieldElement.resolveFieldValue(AutowiredAnnotationBeanPostProcessor.java:659)
	at org.springframework.beans.factory.annotation.AutowiredAnnotationBeanPostProcessor$AutowiredFieldElement.inject(AutowiredAnnotationBeanPostProcessor.java:639)
	at org.springframework.beans.factory.annotation.InjectionMetadata.inject(InjectionMetadata.java:119)
	at org.springframework.beans.factory.annotation.AutowiredAnnotationBeanPostProcessor.postProcessProperties(AutowiredAnnotationBeanPostProcessor.java:399)
	at org.springframework.beans.factory.support.AbstractAutowireCapableBeanFactory.populateBean(AbstractAutowireCapableBeanFactory.java:1431)
	at org.springframework.beans.factory.support.AbstractAutowireCapableBeanFactory.doCreateBean(AbstractAutowireCapableBeanFactory.java:619)
	at org.springframework.beans.factory.support.AbstractAutowireCapableBeanFactory.createBean(AbstractAutowireCapableBeanFactory.java:542)
	at org.springframework.beans.factory.support.AbstractBeanFactory.lambda$doGetBean$0(AbstractBeanFactory.java:335)
	at org.springframework.beans.factory.support.DefaultSingletonBeanRegistry.getSingleton(DefaultSingletonBeanRegistry.java:234)
	at org.springframework.beans.factory.support.AbstractBeanFactory.doGetBean(AbstractBeanFactory.java:333)
	at org.springframework.beans.factory.support.AbstractBeanFactory.getBean(AbstractBeanFactory.java:213)
	at org.springframework.boot.web.servlet.ServletContextInitializerBeans.getOrderedBeansOfType(ServletContextInitializerBeans.java:212)
	at org.springframework.boot.web.servlet.ServletContextInitializerBeans.addAsRegistrationBean(ServletContextInitializerBeans.java:175)
	at org.springframework.boot.web.servlet.ServletContextInitializerBeans.addAsRegistrationBean(ServletContextInitializerBeans.java:170)
	at org.springframework.boot.web.servlet.ServletContextInitializerBeans.addAdaptableBeans(ServletContextInitializerBeans.java:155)
	at org.springframework.boot.web.servlet.ServletContextInitializerBeans.<init>(ServletContextInitializerBeans.java:87)
	at org.springframework.boot.web.servlet.context.ServletWebServerApplicationContext.getServletContextInitializerBeans(ServletWebServerApplicationContext.java:260)
	at org.springframework.boot.web.servlet.context.ServletWebServerApplicationContext.selfInitialize(ServletWebServerApplicationContext.java:234)
	at org.springframework.boot.web.embedded.tomcat.TomcatStarter.onStartup(TomcatStarter.java:53)
	at org.apache.catalina.core.StandardContext.startInternal(StandardContext.java:5219)
	at org.apache.catalina.util.LifecycleBase.start(LifecycleBase.java:183)
	at org.apache.catalina.core.ContainerBase$StartChild.call(ContainerBase.java:1396)
	at org.apache.catalina.core.ContainerBase$StartChild.call(ContainerBase.java:1386)
	at java.base/java.util.concurrent.FutureTask.run(FutureTask.java:264)
	at org.apache.tomcat.util.threads.InlineExecutorService.execute(InlineExecutorService.java:75)
	at java.base/java.util.concurrent.AbstractExecutorService.submit(AbstractExecutorService.java:140)
	at org.apache.catalina.core.ContainerBase.startInternal(ContainerBase.java:919)
	at org.apache.catalina.core.StandardHost.startInternal(StandardHost.java:835)
	at org.apache.catalina.util.LifecycleBase.start(LifecycleBase.java:183)
	at org.apache.catalina.core.ContainerBase$StartChild.call(ContainerBase.java:1396)
	at org.apache.catalina.core.ContainerBase$StartChild.call(ContainerBase.java:1386)
	at java.base/java.util.concurrent.FutureTask.run(FutureTask.java:264)
	at org.apache.tomcat.util.threads.InlineExecutorService.execute(InlineExecutorService.java:75)
	at java.base/java.util.concurrent.AbstractExecutorService.submit(AbstractExecutorService.java:140)
	at org.apache.catalina.core.ContainerBase.startInternal(ContainerBase.java:919)
	at org.apache.catalina.core.StandardEngine.startInternal(StandardEngine.java:265)
	at org.apache.catalina.util.LifecycleBase.start(LifecycleBase.java:183)
	at org.apache.catalina.core.StandardService.startInternal(StandardService.java:432)
	at org.apache.catalina.util.LifecycleBase.start(LifecycleBase.java:183)
	at org.apache.catalina.core.StandardServer.startInternal(StandardServer.java:930)
	at org.apache.catalina.util.LifecycleBase.start(LifecycleBase.java:183)
	at org.apache.catalina.startup.Tomcat.start(Tomcat.java:486)
	at org.springframework.boot.web.embedded.tomcat.TomcatWebServer.initialize(TomcatWebServer.java:123)
	... 18 common frames omitted
Caused by: org.springframework.beans.factory.BeanCreationException: Error creating bean with name 'jwtUtils': Injection of autowired dependencies failed; nested exception is java.lang.IllegalArgumentException: Could not resolve placeholder 'RL.app.jwtSecret' in value "${RL.app.jwtSecret}"
	at org.springframework.beans.factory.annotation.AutowiredAnnotationBeanPostProcessor.postProcessProperties(AutowiredAnnotationBeanPostProcessor.java:405)
	at org.springframework.beans.factory.support.AbstractAutowireCapableBeanFactory.populateBean(AbstractAutowireCapableBeanFactory.java:1431)
	at org.springframework.beans.factory.support.AbstractAutowireCapableBeanFactory.doCreateBean(AbstractAutowireCapableBeanFactory.java:619)
	at org.springframework.beans.factory.support.AbstractAutowireCapableBeanFactory.createBean(AbstractAutowireCapableBeanFactory.java:542)
	at org.springframework.beans.factory.support.AbstractBeanFactory.lambda$doGetBean$0(AbstractBeanFactory.java:335)
	at org.springframework.beans.factory.support.DefaultSingletonBeanRegistry.getSingleton(DefaultSingletonBeanRegistry.java:234)
	at org.springframework.beans.factory.support.AbstractBeanFactory.doGetBean(AbstractBeanFactory.java:333)
	at org.springframework.beans.factory.support.AbstractBeanFactory.getBean(AbstractBeanFactory.java:208)
	at org.springframework.beans.factory.config.DependencyDescriptor.resolveCandidate(DependencyDescriptor.java:276)
	at org.springframework.beans.factory.support.DefaultListableBeanFactory.doResolveDependency(DefaultListableBeanFactory.java:1391)
	at org.springframework.beans.factory.support.DefaultListableBeanFactory.resolveDependency(DefaultListableBeanFactory.java:1311)
	at org.springframework.beans.factory.annotation.AutowiredAnnotationBeanPostProcessor$AutowiredFieldElement.resolveFieldValue(AutowiredAnnotationBeanPostProcessor.java:656)
	... 60 common frames omitted
Caused by: java.lang.IllegalArgumentException: Could not resolve placeholder 'RL.app.jwtSecret' in value "${RL.app.jwtSecret}"
	at org.springframework.util.PropertyPlaceholderHelper.parseStringValue(PropertyPlaceholderHelper.java:180)
	at org.springframework.util.PropertyPlaceholderHelper.replacePlaceholders(PropertyPlaceholderHelper.java:126)
	at org.springframework.core.env.AbstractPropertyResolver.doResolvePlaceholders(AbstractPropertyResolver.java:239)
	at org.springframework.core.env.AbstractPropertyResolver.resolveRequiredPlaceholders(AbstractPropertyResolver.java:210)
	at org.springframework.context.support.PropertySourcesPlaceholderConfigurer.lambda$processProperties$0(PropertySourcesPlaceholderConfigurer.java:175)
	at org.springframework.beans.factory.support.AbstractBeanFactory.resolveEmbeddedValue(AbstractBeanFactory.java:936)
	at org.springframework.beans.factory.support.DefaultListableBeanFactory.doResolveDependency(DefaultListableBeanFactory.java:1332)
	at org.springframework.beans.factory.support.DefaultListableBeanFactory.resolveDependency(DefaultListableBeanFactory.java:1311)
	at org.springframework.beans.factory.annotation.AutowiredAnnotationBeanPostProcessor$AutowiredFieldElement.resolveFieldValue(AutowiredAnnotationBeanPostProcessor.java:656)
	at org.springframework.beans.factory.annotation.AutowiredAnnotationBeanPostProcessor$AutowiredFieldElement.inject(AutowiredAnnotationBeanPostProcessor.java:639)
	at org.springframework.beans.factory.annotation.InjectionMetadata.inject(InjectionMetadata.java:119)
	at org.springframework.beans.factory.annotation.AutowiredAnnotationBeanPostProcessor.postProcessProperties(AutowiredAnnotationBeanPostProcessor.java:399)
	... 71 common frames omitted
"2022-11-10 13:13:54,021 INFO  [restartedMain] com.winners.libraryproject.LibraryProjectApplication:Starting LibraryProjectApplication using Java 11.0.16 on DESKTOP-TFKC0CP with PID 11864 (C:\Users\basri\IdeaProjects\LIBRARY_PROJECT_WINNERS\target\classes started by basri in C:\Users\basri\IdeaProjects\LIBRARY_PROJECT_WINNERS)
""2022-11-10 13:13:54,023 INFO  [restartedMain] com.winners.libraryproject.LibraryProjectApplication:No active profile set, falling back to 1 default profile: "default"
""2022-11-10 13:13:54,120 INFO  [restartedMain] org.springframework.boot.devtools.env.DevToolsPropertyDefaultsPostProcessor:Devtools property defaults active! Set 'spring.devtools.add-properties' to 'false' to disable
""2022-11-10 13:13:54,120 INFO  [restartedMain] org.springframework.boot.devtools.env.DevToolsPropertyDefaultsPostProcessor:For additional web related logging consider setting the 'logging.level.web' property to 'DEBUG'
""2022-11-10 13:13:55,703 INFO  [restartedMain] org.springframework.data.repository.config.RepositoryConfigurationDelegate:Bootstrapping Spring Data JPA repositories in DEFAULT mode.
""2022-11-10 13:13:55,841 INFO  [restartedMain] org.springframework.data.repository.config.RepositoryConfigurationDelegate:Finished Spring Data repository scanning in 123 ms. Found 7 JPA repository interfaces.
""2022-11-10 13:13:56,862 INFO  [restartedMain] org.springframework.boot.web.embedded.tomcat.TomcatWebServer:Tomcat initialized with port(s): 8081 (http)
""2022-11-10 13:13:56,875 INFO  [restartedMain] org.apache.catalina.core.StandardService:Starting service [Tomcat]
""2022-11-10 13:13:56,876 INFO  [restartedMain] org.apache.catalina.core.StandardEngine:Starting Servlet engine: [Apache Tomcat/9.0.65]
""2022-11-10 13:13:57,030 INFO  [restartedMain] org.apache.catalina.core.ContainerBase.[Tomcat].[localhost].[/]:Initializing Spring embedded WebApplicationContext
""2022-11-10 13:13:57,030 INFO  [restartedMain] org.springframework.boot.web.servlet.context.ServletWebServerApplicationContext:Root WebApplicationContext: initialization completed in 2908 ms
""2022-11-10 13:13:57,255 INFO  [restartedMain] org.hibernate.jpa.internal.util.LogHelper:HHH000204: Processing PersistenceUnitInfo [name: default]
""2022-11-10 13:13:57,331 INFO  [restartedMain] org.hibernate.Version:HHH000412: Hibernate ORM core version 5.6.11.Final
""2022-11-10 13:13:57,575 INFO  [restartedMain] org.hibernate.annotations.common.Version:HCANN000001: Hibernate Commons Annotations {5.1.2.Final}
""2022-11-10 13:13:57,716 INFO  [restartedMain] com.zaxxer.hikari.HikariDataSource:HikariPool-1 - Starting...
""2022-11-10 13:13:57,975 INFO  [restartedMain] com.zaxxer.hikari.HikariDataSource:HikariPool-1 - Start completed.
""2022-11-10 13:13:57,998 INFO  [restartedMain] org.hibernate.dialect.Dialect:HHH000400: Using dialect: org.hibernate.dialect.PostgreSQLDialect
""2022-11-10 13:13:59,665 INFO  [restartedMain] org.hibernate.engine.transaction.jta.platform.internal.JtaPlatformInitiator:HHH000490: Using JtaPlatform implementation: [org.hibernate.engine.transaction.jta.platform.internal.NoJtaPlatform]
""2022-11-10 13:13:59,677 INFO  [restartedMain] org.springframework.orm.jpa.LocalContainerEntityManagerFactoryBean:Initialized JPA EntityManagerFactory for persistence unit 'default'
""2022-11-10 13:14:00,785 WARN  [restartedMain] org.springframework.boot.autoconfigure.orm.jpa.JpaBaseConfiguration$JpaWebConfiguration:spring.jpa.open-in-view is enabled by default. Therefore, database queries may be performed during view rendering. Explicitly configure spring.jpa.open-in-view to disable this warning
""2022-11-10 13:14:01,541 INFO  [restartedMain] org.springframework.security.web.DefaultSecurityFilterChain:Will secure any request with [org.springframework.security.web.context.request.async.WebAsyncManagerIntegrationFilter@522879ab, org.springframework.security.web.context.SecurityContextPersistenceFilter@434a3ab8, org.springframework.security.web.header.HeaderWriterFilter@23535287, org.springframework.security.web.authentication.logout.LogoutFilter@3a994d13, com.winners.libraryproject.security.jwt.AuthTokenFilter@4fcd9b24, org.springframework.security.web.savedrequest.RequestCacheAwareFilter@381d35e2, org.springframework.security.web.servletapi.SecurityContextHolderAwareRequestFilter@6aba5caa, org.springframework.security.web.authentication.AnonymousAuthenticationFilter@7c1892fe, org.springframework.security.web.session.SessionManagementFilter@4d45cda8, org.springframework.security.web.access.ExceptionTranslationFilter@7136bacc, org.springframework.security.web.access.intercept.FilterSecurityInterceptor@78319f0d]
""2022-11-10 13:14:02,878 INFO  [restartedMain] org.springframework.boot.devtools.autoconfigure.OptionalLiveReloadServer:LiveReload server is running on port 35729
""2022-11-10 13:14:02,938 INFO  [restartedMain] org.springframework.boot.web.embedded.tomcat.TomcatWebServer:Tomcat started on port(s): 8081 (http) with context path ''
""2022-11-10 13:14:02,957 INFO  [restartedMain] com.winners.libraryproject.LibraryProjectApplication:Started LibraryProjectApplication in 9.921 seconds (JVM running for 11.885)
""2022-11-10 13:14:11,140 INFO  [http-nio-8081-exec-1] org.apache.catalina.core.ContainerBase.[Tomcat].[localhost].[/]:Initializing Spring DispatcherServlet 'dispatcherServlet'
""2022-11-10 13:14:11,141 INFO  [http-nio-8081-exec-1] org.springframework.web.servlet.DispatcherServlet:Initializing Servlet 'dispatcherServlet'
""2022-11-10 13:14:11,145 INFO  [http-nio-8081-exec-1] org.springframework.web.servlet.DispatcherServlet:Completed initialization in 3 ms
""2022-11-10 13:14:40,323 ERROR [http-nio-8081-exec-3] com.winners.libraryproject.security.jwt.AuthTokenFilter:User Authentication error
""2022-11-10 13:15:23,107 INFO  [SpringApplicationShutdownHook] org.springframework.orm.jpa.LocalContainerEntityManagerFactoryBean:Closing JPA EntityManagerFactory for persistence unit 'default'
""2022-11-10 13:15:23,115 INFO  [SpringApplicationShutdownHook] com.zaxxer.hikari.HikariDataSource:HikariPool-1 - Shutdown initiated...
""2022-11-10 13:15:23,129 INFO  [SpringApplicationShutdownHook] com.zaxxer.hikari.HikariDataSource:HikariPool-1 - Shutdown completed.
""2022-11-10 13:15:34,923 INFO  [restartedMain] com.winners.libraryproject.LibraryProjectApplication:Starting LibraryProjectApplication using Java 11.0.16 on DESKTOP-TFKC0CP with PID 21632 (C:\Users\basri\IdeaProjects\LIBRARY_PROJECT_WINNERS\target\classes started by basri in C:\Users\basri\IdeaProjects\LIBRARY_PROJECT_WINNERS)
""2022-11-10 13:15:34,928 INFO  [restartedMain] com.winners.libraryproject.LibraryProjectApplication:No active profile set, falling back to 1 default profile: "default"
""2022-11-10 13:15:35,036 INFO  [restartedMain] org.springframework.boot.devtools.env.DevToolsPropertyDefaultsPostProcessor:Devtools property defaults active! Set 'spring.devtools.add-properties' to 'false' to disable
""2022-11-10 13:15:35,037 INFO  [restartedMain] org.springframework.boot.devtools.env.DevToolsPropertyDefaultsPostProcessor:For additional web related logging consider setting the 'logging.level.web' property to 'DEBUG'
""2022-11-10 13:15:36,587 INFO  [restartedMain] org.springframework.data.repository.config.RepositoryConfigurationDelegate:Bootstrapping Spring Data JPA repositories in DEFAULT mode.
""2022-11-10 13:15:36,723 INFO  [restartedMain] org.springframework.data.repository.config.RepositoryConfigurationDelegate:Finished Spring Data repository scanning in 121 ms. Found 7 JPA repository interfaces.
""2022-11-10 13:15:37,604 INFO  [restartedMain] org.springframework.boot.web.embedded.tomcat.TomcatWebServer:Tomcat initialized with port(s): 8081 (http)
""2022-11-10 13:15:37,617 INFO  [restartedMain] org.apache.catalina.core.StandardService:Starting service [Tomcat]
""2022-11-10 13:15:37,618 INFO  [restartedMain] org.apache.catalina.core.StandardEngine:Starting Servlet engine: [Apache Tomcat/9.0.65]
""2022-11-10 13:15:37,765 INFO  [restartedMain] org.apache.catalina.core.ContainerBase.[Tomcat].[localhost].[/]:Initializing Spring embedded WebApplicationContext
""2022-11-10 13:15:37,766 INFO  [restartedMain] org.springframework.boot.web.servlet.context.ServletWebServerApplicationContext:Root WebApplicationContext: initialization completed in 2728 ms
""2022-11-10 13:15:37,983 INFO  [restartedMain] org.hibernate.jpa.internal.util.LogHelper:HHH000204: Processing PersistenceUnitInfo [name: default]
""2022-11-10 13:15:38,079 INFO  [restartedMain] org.hibernate.Version:HHH000412: Hibernate ORM core version 5.6.11.Final
""2022-11-10 13:15:38,298 INFO  [restartedMain] org.hibernate.annotations.common.Version:HCANN000001: Hibernate Commons Annotations {5.1.2.Final}
""2022-11-10 13:15:38,505 INFO  [restartedMain] com.zaxxer.hikari.HikariDataSource:HikariPool-1 - Starting...
""2022-11-10 13:15:38,776 INFO  [restartedMain] com.zaxxer.hikari.HikariDataSource:HikariPool-1 - Start completed.
""2022-11-10 13:15:38,799 INFO  [restartedMain] org.hibernate.dialect.Dialect:HHH000400: Using dialect: org.hibernate.dialect.PostgreSQLDialect
""2022-11-10 13:15:40,294 INFO  [restartedMain] org.hibernate.engine.transaction.jta.platform.internal.JtaPlatformInitiator:HHH000490: Using JtaPlatform implementation: [org.hibernate.engine.transaction.jta.platform.internal.NoJtaPlatform]
""2022-11-10 13:15:40,305 INFO  [restartedMain] org.springframework.orm.jpa.LocalContainerEntityManagerFactoryBean:Initialized JPA EntityManagerFactory for persistence unit 'default'
""2022-11-10 13:15:41,067 WARN  [restartedMain] org.springframework.boot.autoconfigure.orm.jpa.JpaBaseConfiguration$JpaWebConfiguration:spring.jpa.open-in-view is enabled by default. Therefore, database queries may be performed during view rendering. Explicitly configure spring.jpa.open-in-view to disable this warning
""2022-11-10 13:15:41,529 INFO  [restartedMain] org.springframework.security.web.DefaultSecurityFilterChain:Will secure any request with [org.springframework.security.web.context.request.async.WebAsyncManagerIntegrationFilter@3c43c1eb, org.springframework.security.web.context.SecurityContextPersistenceFilter@3c2ca676, org.springframework.security.web.header.HeaderWriterFilter@9fc7887, org.springframework.security.web.authentication.logout.LogoutFilter@17d7e563, com.winners.libraryproject.security.jwt.AuthTokenFilter@6a75b7bf, org.springframework.security.web.savedrequest.RequestCacheAwareFilter@5bc713a1, org.springframework.security.web.servletapi.SecurityContextHolderAwareRequestFilter@7de675a1, org.springframework.security.web.authentication.AnonymousAuthenticationFilter@5c87e264, org.springframework.security.web.session.SessionManagementFilter@3ee4964c, org.springframework.security.web.access.ExceptionTranslationFilter@6ac96ba9, org.springframework.security.web.access.intercept.FilterSecurityInterceptor@3c01852a]
""2022-11-10 13:15:42,915 INFO  [restartedMain] org.springframework.boot.devtools.autoconfigure.OptionalLiveReloadServer:LiveReload server is running on port 35729
""2022-11-10 13:15:42,985 INFO  [restartedMain] org.springframework.boot.web.embedded.tomcat.TomcatWebServer:Tomcat started on port(s): 8081 (http) with context path ''
""2022-11-10 13:15:43,004 INFO  [restartedMain] com.winners.libraryproject.LibraryProjectApplication:Started LibraryProjectApplication in 8.923 seconds (JVM running for 11.069)
""2022-11-10 13:15:49,542 INFO  [http-nio-8081-exec-1] org.apache.catalina.core.ContainerBase.[Tomcat].[localhost].[/]:Initializing Spring DispatcherServlet 'dispatcherServlet'
""2022-11-10 13:15:49,544 INFO  [http-nio-8081-exec-1] org.springframework.web.servlet.DispatcherServlet:Initializing Servlet 'dispatcherServlet'
""2022-11-10 13:15:49,545 INFO  [http-nio-8081-exec-1] org.springframework.web.servlet.DispatcherServlet:Completed initialization in 1 ms
""2022-11-10 13:15:49,857 ERROR [http-nio-8081-exec-1] com.winners.libraryproject.security.jwt.AuthTokenFilter:User Authentication error
""2022-11-10 13:17:33,251 INFO  [SpringApplicationShutdownHook] org.springframework.orm.jpa.LocalContainerEntityManagerFactoryBean:Closing JPA EntityManagerFactory for persistence unit 'default'
""2022-11-10 13:17:33,273 INFO  [SpringApplicationShutdownHook] com.zaxxer.hikari.HikariDataSource:HikariPool-1 - Shutdown initiated...
""2022-11-10 13:17:33,293 INFO  [SpringApplicationShutdownHook] com.zaxxer.hikari.HikariDataSource:HikariPool-1 - Shutdown completed.
""2022-11-10 13:17:45,772 INFO  [restartedMain] com.winners.libraryproject.LibraryProjectApplication:Starting LibraryProjectApplication using Java 11.0.16 on DESKTOP-TFKC0CP with PID 3536 (C:\Users\basri\IdeaProjects\LIBRARY_PROJECT_WINNERS\target\classes started by basri in C:\Users\basri\IdeaProjects\LIBRARY_PROJECT_WINNERS)
""2022-11-10 13:17:45,775 INFO  [restartedMain] com.winners.libraryproject.LibraryProjectApplication:No active profile set, falling back to 1 default profile: "default"
""2022-11-10 13:17:45,866 INFO  [restartedMain] org.springframework.boot.devtools.env.DevToolsPropertyDefaultsPostProcessor:Devtools property defaults active! Set 'spring.devtools.add-properties' to 'false' to disable
""2022-11-10 13:17:45,867 INFO  [restartedMain] org.springframework.boot.devtools.env.DevToolsPropertyDefaultsPostProcessor:For additional web related logging consider setting the 'logging.level.web' property to 'DEBUG'
""2022-11-10 13:17:47,416 INFO  [restartedMain] org.springframework.data.repository.config.RepositoryConfigurationDelegate:Bootstrapping Spring Data JPA repositories in DEFAULT mode.
""2022-11-10 13:17:47,537 INFO  [restartedMain] org.springframework.data.repository.config.RepositoryConfigurationDelegate:Finished Spring Data repository scanning in 110 ms. Found 7 JPA repository interfaces.
""2022-11-10 13:17:48,515 INFO  [restartedMain] org.springframework.boot.web.embedded.tomcat.TomcatWebServer:Tomcat initialized with port(s): 8081 (http)
""2022-11-10 13:17:48,533 INFO  [restartedMain] org.apache.catalina.core.StandardService:Starting service [Tomcat]
""2022-11-10 13:17:48,535 INFO  [restartedMain] org.apache.catalina.core.StandardEngine:Starting Servlet engine: [Apache Tomcat/9.0.65]
""2022-11-10 13:17:48,738 INFO  [restartedMain] org.apache.catalina.core.ContainerBase.[Tomcat].[localhost].[/]:Initializing Spring embedded WebApplicationContext
""2022-11-10 13:17:48,739 INFO  [restartedMain] org.springframework.boot.web.servlet.context.ServletWebServerApplicationContext:Root WebApplicationContext: initialization completed in 2870 ms
""2022-11-10 13:17:48,938 INFO  [restartedMain] org.hibernate.jpa.internal.util.LogHelper:HHH000204: Processing PersistenceUnitInfo [name: default]
""2022-11-10 13:17:49,024 INFO  [restartedMain] org.hibernate.Version:HHH000412: Hibernate ORM core version 5.6.11.Final
""2022-11-10 13:17:49,225 INFO  [restartedMain] org.hibernate.annotations.common.Version:HCANN000001: Hibernate Commons Annotations {5.1.2.Final}
""2022-11-10 13:17:49,390 INFO  [restartedMain] com.zaxxer.hikari.HikariDataSource:HikariPool-1 - Starting...
""2022-11-10 13:17:49,605 INFO  [restartedMain] com.zaxxer.hikari.HikariDataSource:HikariPool-1 - Start completed.
""2022-11-10 13:17:49,634 INFO  [restartedMain] org.hibernate.dialect.Dialect:HHH000400: Using dialect: org.hibernate.dialect.PostgreSQLDialect
""2022-11-10 13:17:51,087 INFO  [restartedMain] org.hibernate.engine.transaction.jta.platform.internal.JtaPlatformInitiator:HHH000490: Using JtaPlatform implementation: [org.hibernate.engine.transaction.jta.platform.internal.NoJtaPlatform]
""2022-11-10 13:17:51,098 INFO  [restartedMain] org.springframework.orm.jpa.LocalContainerEntityManagerFactoryBean:Initialized JPA EntityManagerFactory for persistence unit 'default'
""2022-11-10 13:17:51,893 WARN  [restartedMain] org.springframework.boot.autoconfigure.orm.jpa.JpaBaseConfiguration$JpaWebConfiguration:spring.jpa.open-in-view is enabled by default. Therefore, database queries may be performed during view rendering. Explicitly configure spring.jpa.open-in-view to disable this warning
""2022-11-10 13:17:52,393 INFO  [restartedMain] org.springframework.security.web.DefaultSecurityFilterChain:Will secure any request with [org.springframework.security.web.context.request.async.WebAsyncManagerIntegrationFilter@5dba1153, org.springframework.security.web.context.SecurityContextPersistenceFilter@3af5152, org.springframework.security.web.header.HeaderWriterFilter@bb255bd, org.springframework.security.web.authentication.logout.LogoutFilter@66b33cc7, com.winners.libraryproject.security.jwt.AuthTokenFilter@188fe83b, org.springframework.security.web.savedrequest.RequestCacheAwareFilter@2e206d9c, org.springframework.security.web.servletapi.SecurityContextHolderAwareRequestFilter@2372d9d5, org.springframework.security.web.authentication.AnonymousAuthenticationFilter@158e8c8c, org.springframework.security.web.session.SessionManagementFilter@c1d4060, org.springframework.security.web.access.ExceptionTranslationFilter@6cf8627b, org.springframework.security.web.access.intercept.FilterSecurityInterceptor@140057ed]
""2022-11-10 13:17:53,794 INFO  [restartedMain] org.springframework.boot.devtools.autoconfigure.OptionalLiveReloadServer:LiveReload server is running on port 35729
""2022-11-10 13:17:53,892 INFO  [restartedMain] org.springframework.boot.web.embedded.tomcat.TomcatWebServer:Tomcat started on port(s): 8081 (http) with context path ''
""2022-11-10 13:17:53,915 INFO  [restartedMain] com.winners.libraryproject.LibraryProjectApplication:Started LibraryProjectApplication in 8.888 seconds (JVM running for 11.042)
""2022-11-10 13:17:58,097 INFO  [http-nio-8081-exec-3] org.apache.catalina.core.ContainerBase.[Tomcat].[localhost].[/]:Initializing Spring DispatcherServlet 'dispatcherServlet'
""2022-11-10 13:17:58,098 INFO  [http-nio-8081-exec-3] org.springframework.web.servlet.DispatcherServlet:Initializing Servlet 'dispatcherServlet'
""2022-11-10 13:17:58,102 INFO  [http-nio-8081-exec-3] org.springframework.web.servlet.DispatcherServlet:Completed initialization in 3 ms
""2022-11-10 13:17:58,649 ERROR [http-nio-8081-exec-3] com.winners.libraryproject.security.jwt.AuthTokenFilter:User Authentication error
""2022-11-10 13:19:07,587 ERROR [http-nio-8081-exec-1] com.winners.libraryproject.security.jwt.AuthTokenFilter:User Authentication error
""2022-11-10 15:37:26,239 INFO  [SpringApplicationShutdownHook] org.springframework.orm.jpa.LocalContainerEntityManagerFactoryBean:Closing JPA EntityManagerFactory for persistence unit 'default'
""2022-11-10 15:37:26,362 INFO  [SpringApplicationShutdownHook] com.zaxxer.hikari.HikariDataSource:HikariPool-1 - Shutdown initiated...
""2022-11-10 15:37:26,420 INFO  [SpringApplicationShutdownHook] com.zaxxer.hikari.HikariDataSource:HikariPool-1 - Shutdown completed.
""2022-11-10 15:40:11,833 INFO  [restartedMain] com.winners.libraryproject.LibraryProjectApplication:Starting LibraryProjectApplication using Java 11.0.16 on DESKTOP-TFKC0CP with PID 16180 (C:\Users\basri\IdeaProjects\LIBRARY_PROJECT_WINNERS\target\classes started by basri in C:\Users\basri\IdeaProjects\LIBRARY_PROJECT_WINNERS)
""2022-11-10 15:40:11,837 INFO  [restartedMain] com.winners.libraryproject.LibraryProjectApplication:No active profile set, falling back to 1 default profile: "default"
""2022-11-10 15:40:11,948 INFO  [restartedMain] org.springframework.boot.devtools.env.DevToolsPropertyDefaultsPostProcessor:Devtools property defaults active! Set 'spring.devtools.add-properties' to 'false' to disable
""2022-11-10 15:40:11,951 INFO  [restartedMain] org.springframework.boot.devtools.env.DevToolsPropertyDefaultsPostProcessor:For additional web related logging consider setting the 'logging.level.web' property to 'DEBUG'
""2022-11-10 15:40:14,126 INFO  [restartedMain] org.springframework.data.repository.config.RepositoryConfigurationDelegate:Bootstrapping Spring Data JPA repositories in DEFAULT mode.
""2022-11-10 15:40:14,328 INFO  [restartedMain] org.springframework.data.repository.config.RepositoryConfigurationDelegate:Finished Spring Data repository scanning in 181 ms. Found 7 JPA repository interfaces.
""2022-11-10 15:40:15,869 INFO  [restartedMain] org.springframework.boot.web.embedded.tomcat.TomcatWebServer:Tomcat initialized with port(s): 8081 (http)
""2022-11-10 15:40:15,904 INFO  [restartedMain] org.apache.catalina.core.StandardService:Starting service [Tomcat]
""2022-11-10 15:40:15,921 INFO  [restartedMain] org.apache.catalina.core.StandardEngine:Starting Servlet engine: [Apache Tomcat/9.0.65]
""2022-11-10 15:40:16,249 INFO  [restartedMain] org.apache.catalina.core.ContainerBase.[Tomcat].[localhost].[/]:Initializing Spring embedded WebApplicationContext
""2022-11-10 15:40:16,250 INFO  [restartedMain] org.springframework.boot.web.servlet.context.ServletWebServerApplicationContext:Root WebApplicationContext: initialization completed in 4298 ms
""2022-11-10 15:40:16,469 INFO  [restartedMain] org.hibernate.jpa.internal.util.LogHelper:HHH000204: Processing PersistenceUnitInfo [name: default]
""2022-11-10 15:40:16,555 INFO  [restartedMain] org.hibernate.Version:HHH000412: Hibernate ORM core version 5.6.11.Final
""2022-11-10 15:40:16,794 INFO  [restartedMain] org.hibernate.annotations.common.Version:HCANN000001: Hibernate Commons Annotations {5.1.2.Final}
""2022-11-10 15:40:16,956 INFO  [restartedMain] com.zaxxer.hikari.HikariDataSource:HikariPool-1 - Starting...
""2022-11-10 15:40:17,267 INFO  [restartedMain] com.zaxxer.hikari.HikariDataSource:HikariPool-1 - Start completed.
""2022-11-10 15:40:17,293 INFO  [restartedMain] org.hibernate.dialect.Dialect:HHH000400: Using dialect: org.hibernate.dialect.PostgreSQLDialect
""2022-11-10 15:40:19,159 INFO  [restartedMain] org.hibernate.engine.transaction.jta.platform.internal.JtaPlatformInitiator:HHH000490: Using JtaPlatform implementation: [org.hibernate.engine.transaction.jta.platform.internal.NoJtaPlatform]
""2022-11-10 15:40:19,170 INFO  [restartedMain] org.springframework.orm.jpa.LocalContainerEntityManagerFactoryBean:Initialized JPA EntityManagerFactory for persistence unit 'default'
""2022-11-10 15:40:20,128 WARN  [restartedMain] org.springframework.boot.autoconfigure.orm.jpa.JpaBaseConfiguration$JpaWebConfiguration:spring.jpa.open-in-view is enabled by default. Therefore, database queries may be performed during view rendering. Explicitly configure spring.jpa.open-in-view to disable this warning
""2022-11-10 15:40:20,699 INFO  [restartedMain] org.springframework.security.web.DefaultSecurityFilterChain:Will secure any request with [org.springframework.security.web.context.request.async.WebAsyncManagerIntegrationFilter@7664aaa6, org.springframework.security.web.context.SecurityContextPersistenceFilter@41fe50f0, org.springframework.security.web.header.HeaderWriterFilter@2af0b3e3, org.springframework.security.web.authentication.logout.LogoutFilter@1017755, com.winners.libraryproject.security.jwt.AuthTokenFilter@5109f8b3, org.springframework.security.web.savedrequest.RequestCacheAwareFilter@7a3692fb, org.springframework.security.web.servletapi.SecurityContextHolderAwareRequestFilter@7e72c7ee, org.springframework.security.web.authentication.AnonymousAuthenticationFilter@6e7c7fe9, org.springframework.security.web.session.SessionManagementFilter@560d87f7, org.springframework.security.web.access.ExceptionTranslationFilter@32c5183a, org.springframework.security.web.access.intercept.FilterSecurityInterceptor@396b8b87]
""2022-11-10 15:40:22,102 INFO  [restartedMain] org.springframework.boot.devtools.autoconfigure.OptionalLiveReloadServer:LiveReload server is running on port 35729
""2022-11-10 15:40:22,196 INFO  [restartedMain] org.springframework.boot.web.embedded.tomcat.TomcatWebServer:Tomcat started on port(s): 8081 (http) with context path ''
""2022-11-10 15:40:22,220 INFO  [restartedMain] com.winners.libraryproject.LibraryProjectApplication:Started LibraryProjectApplication in 11.228 seconds (JVM running for 13.69)
""2022-11-10 15:40:40,481 INFO  [http-nio-8081-exec-2] org.apache.catalina.core.ContainerBase.[Tomcat].[localhost].[/]:Initializing Spring DispatcherServlet 'dispatcherServlet'
""2022-11-10 15:40:40,483 INFO  [http-nio-8081-exec-2] org.springframework.web.servlet.DispatcherServlet:Initializing Servlet 'dispatcherServlet'
""2022-11-10 15:40:40,487 INFO  [http-nio-8081-exec-2] org.springframework.web.servlet.DispatcherServlet:Completed initialization in 2 ms
""2022-11-10 15:40:40,679 ERROR [http-nio-8081-exec-2] com.winners.libraryproject.security.jwt.JwtUtils:JWT Token is expired JWT expired at 2022-11-08T22:33:56Z. Current time: 2022-11-10T15:40:40Z, a difference of 148004674 milliseconds.  Allowed clock skew: 0 milliseconds.
""2022-11-10 15:41:17,674 ERROR [http-nio-8081-exec-4] com.winners.libraryproject.security.jwt.AuthTokenFilter:User Authentication error
""2022-11-10 15:42:55,866 INFO  [SpringApplicationShutdownHook] org.springframework.orm.jpa.LocalContainerEntityManagerFactoryBean:Closing JPA EntityManagerFactory for persistence unit 'default'
""2022-11-10 15:42:55,872 INFO  [SpringApplicationShutdownHook] com.zaxxer.hikari.HikariDataSource:HikariPool-1 - Shutdown initiated...
""2022-11-10 15:42:55,889 INFO  [SpringApplicationShutdownHook] com.zaxxer.hikari.HikariDataSource:HikariPool-1 - Shutdown completed.
"